[2022-10-10 12:01:43,266] multiqc                                            [DEBUG  ]  This is MultiQC v1.13.dev0
[2022-10-10 12:01:43,267] multiqc                                            [DEBUG  ]  Command used: /usr/local/bin/multiqc --outdir multiqc .
[2022-10-10 12:01:44,766] multiqc                                            [DEBUG  ]  Latest MultiQC version is v1.13
[2022-10-10 12:01:44,766] multiqc                                            [DEBUG  ]  Working dir : /home/adigenova/DiGenomaLab/projects/COVID/analysis/adg/CECRET/work/53/e68c28294d01e2f623080c2216b5a2
[2022-10-10 12:01:44,766] multiqc                                            [DEBUG  ]  Template    : default
[2022-10-10 12:01:44,766] multiqc                                            [DEBUG  ]  Running Python 3.10.5 | packaged by conda-forge | (main, Jun 14 2022, 07:04:59) [GCC 10.3.0]
[2022-10-10 12:01:44,766] multiqc                                            [DEBUG  ]  Analysing modules: custom_content, ccs, ngsderive, purple, conpair, lima, peddy, somalier, methylQA, mosdepth, phantompeakqualtools, qualimap, preseq, quast, qorts, rna_seqc, rockhopper, rsem, rseqc, busco, bustools, goleft_indexcov, gffcompare, disambiguate, supernova, deeptools, sargasso, verifybamid, mirtrace, happy, mirtop, sambamba, homer, hops, macs2, theta2, snpeff, gatk, htseq, bcftools, featureCounts, fgbio, dragen, dedup, pbmarkdup, damageprofiler, biobambam2, jcvi, mtnucratio, picard, vep, sentieon, prokka, qc3C, nanostat, samblaster, samtools, sexdeterrmine, eigenstratdatabasetools, bamtools, jellyfish, vcftools, longranger, stacks, varscan2, snippy, bbmap, bismark, biscuit, hicexplorer, hicup, hicpro, salmon, kallisto, slamdunk, star, hisat2, tophat, bowtie2, bowtie1, snpsplit, odgi, pangolin, kat, leehom, adapterRemoval, clipandmerge, cutadapt, flexbar, kaiju, kraken, malt, trimmomatic, sickle, skewer, sortmerna, biobloomtools, fastq_screen, afterqc, fastp, fastqc, pychopper, pycoqc, minionqc, multivcfanalyzer, clusterflow, checkqc, bcl2fastq, bclconvert, interop, ivar, flash, seqyclean, optitype, whatshap
[2022-10-10 12:01:44,766] multiqc                                            [DEBUG  ]  Using temporary directory for creating report: /tmp/tmp3fmex_ij
[2022-10-10 12:01:44,994] multiqc                                            [INFO   ]  Search path : /home/adigenova/DiGenomaLab/projects/COVID/analysis/adg/CECRET/work/53/e68c28294d01e2f623080c2216b5a2
[2022-10-10 12:02:28,700] multiqc                                            [DEBUG  ]  Summary of files that were skipped by the search: [skipped_module_specific_max_filesize: 2921] // [skipped_no_match: 9]
[2022-10-10 12:02:29,594] multiqc.plots.bargraph                             [DEBUG  ]  Using matplotlib version 3.5.2
[2022-10-10 12:02:29,595] multiqc.plots.linegraph                            [DEBUG  ]  Using matplotlib version 3.5.2
[2022-10-10 12:02:39,709] multiqc.modules.samtools.samtools                  [INFO   ]  Found 416 stats reports
[2022-10-10 12:02:39,957] multiqc.modules.samtools.samtools                  [INFO   ]  Found 416 flagstat reports
[2022-10-10 12:02:39,995] multiqc.modules.pangolin.pangolin                  [INFO   ]  Found 416 samples
[2022-10-10 12:02:40,626] multiqc.modules.fastp.fastp                        [DEBUG  ]  No duplication rate plot data: V350082740_L04_64-64_fastp.json
[2022-10-10 12:02:40,632] multiqc.modules.fastp.fastp                        [DEBUG  ]  No duplication rate plot data: V350082740_L04_91-91_fastp.json
[2022-10-10 12:02:40,636] multiqc.modules.fastp.fastp                        [DEBUG  ]  No duplication rate plot data: V350082740_L02_34-34_fastp.json
[2022-10-10 12:02:40,640] multiqc.modules.fastp.fastp                        [DEBUG  ]  No duplication rate plot data: V350082740_L04_13-13_fastp.json
[2022-10-10 12:02:40,645] multiqc.modules.fastp.fastp                        [DEBUG  ]  No duplication rate plot data: V350082740_L02_93-93_fastp.json
[2022-10-10 12:02:40,649] multiqc.modules.fastp.fastp                        [DEBUG  ]  No duplication rate plot data: V350082740_L04_46-46_fastp.json
[2022-10-10 12:02:40,654] multiqc.modules.fastp.fastp                        [DEBUG  ]  No duplication rate plot data: V350082740_L04_81-81_fastp.json
[2022-10-10 12:02:40,659] multiqc.modules.fastp.fastp                        [DEBUG  ]  No duplication rate plot data: V350082740_L02_66-66_fastp.json
[2022-10-10 12:02:40,663] multiqc.modules.fastp.fastp                        [DEBUG  ]  No duplication rate plot data: V350082740_L04_05-05_fastp.json
[2022-10-10 12:02:40,667] multiqc.modules.fastp.fastp                        [DEBUG  ]  No duplication rate plot data: V350082740_L04_36-36_fastp.json
[2022-10-10 12:02:40,672] multiqc.modules.fastp.fastp                        [DEBUG  ]  No duplication rate plot data: V350082740_L04_100-100_fastp.json
[2022-10-10 12:02:40,676] multiqc.modules.fastp.fastp                        [DEBUG  ]  No duplication rate plot data: V350082740_L02_76-76_fastp.json
[2022-10-10 12:02:40,681] multiqc.modules.fastp.fastp                        [DEBUG  ]  No duplication rate plot data: V350082740_L02_89-89_fastp.json
[2022-10-10 12:02:40,685] multiqc.modules.fastp.fastp                        [DEBUG  ]  No duplication rate plot data: V350082740_L04_57-57_fastp.json
[2022-10-10 12:02:40,690] multiqc.modules.fastp.fastp                        [DEBUG  ]  No duplication rate plot data: V350082740_L04_70-70_fastp.json
[2022-10-10 12:02:40,696] multiqc.modules.fastp.fastp                        [DEBUG  ]  No duplication rate plot data: V350082740_L03_32-32_fastp.json
[2022-10-10 12:02:40,700] multiqc.modules.fastp.fastp                        [DEBUG  ]  No duplication rate plot data: V350082740_L03_77-77_fastp.json
[2022-10-10 12:02:40,705] multiqc.modules.fastp.fastp                        [DEBUG  ]  No duplication rate plot data: V350082740_L02_51-51_fastp.json
[2022-10-10 12:02:40,709] multiqc.modules.fastp.fastp                        [DEBUG  ]  No duplication rate plot data: V350082740_L04_84-84_fastp.json
[2022-10-10 12:02:40,715] multiqc.modules.fastp.fastp                        [DEBUG  ]  No duplication rate plot data: V350082740_L02_62-62_fastp.json
[2022-10-10 12:02:40,720] multiqc.modules.fastp.fastp                        [DEBUG  ]  No duplication rate plot data: V350082740_L02_83-83_fastp.json
[2022-10-10 12:02:40,724] multiqc.modules.fastp.fastp                        [DEBUG  ]  No duplication rate plot data: V350082740_L03_98-98_fastp.json
[2022-10-10 12:02:40,728] multiqc.modules.fastp.fastp                        [DEBUG  ]  No duplication rate plot data: V350082740_L01_102-102_fastp.json
[2022-10-10 12:02:40,733] multiqc.modules.fastp.fastp                        [DEBUG  ]  No duplication rate plot data: V350082740_L04_69-69_fastp.json
[2022-10-10 12:02:40,738] multiqc.modules.fastp.fastp                        [DEBUG  ]  No duplication rate plot data: V350082740_L01_89-89_fastp.json
[2022-10-10 12:02:40,743] multiqc.modules.fastp.fastp                        [DEBUG  ]  No duplication rate plot data: V350082740_L04_23-23_fastp.json
[2022-10-10 12:02:40,749] multiqc.modules.fastp.fastp                        [DEBUG  ]  No duplication rate plot data: V350082740_L04_83-83_fastp.json
[2022-10-10 12:02:40,756] multiqc.modules.fastp.fastp                        [DEBUG  ]  No duplication rate plot data: V350082740_L04_37-37_fastp.json
[2022-10-10 12:02:40,760] multiqc.modules.fastp.fastp                        [DEBUG  ]  No duplication rate plot data: V350082740_L02_96-96_fastp.json
[2022-10-10 12:02:40,766] multiqc.modules.fastp.fastp                        [DEBUG  ]  No duplication rate plot data: V350082740_L02_63-63_fastp.json
[2022-10-10 12:02:40,771] multiqc.modules.fastp.fastp                        [DEBUG  ]  No duplication rate plot data: V350082740_L01_91-91_fastp.json
[2022-10-10 12:02:40,775] multiqc.modules.fastp.fastp                        [DEBUG  ]  No duplication rate plot data: V350082740_L01_20-20_fastp.json
[2022-10-10 12:02:40,781] multiqc.modules.fastp.fastp                        [DEBUG  ]  No duplication rate plot data: V350082740_L01_22-22_fastp.json
[2022-10-10 12:02:40,787] multiqc.modules.fastp.fastp                        [DEBUG  ]  No duplication rate plot data: V350082740_L01_61-61_fastp.json
[2022-10-10 12:02:40,794] multiqc.modules.fastp.fastp                        [DEBUG  ]  No duplication rate plot data: V350082740_L02_64-64_fastp.json
[2022-10-10 12:02:40,799] multiqc.modules.fastp.fastp                        [DEBUG  ]  No duplication rate plot data: V350082740_L01_26-26_fastp.json
[2022-10-10 12:02:40,804] multiqc.modules.fastp.fastp                        [DEBUG  ]  No duplication rate plot data: V350082740_L03_09-09_fastp.json
[2022-10-10 12:02:40,809] multiqc.modules.fastp.fastp                        [DEBUG  ]  No duplication rate plot data: V350082740_L04_39-39_fastp.json
[2022-10-10 12:02:40,813] multiqc.modules.fastp.fastp                        [DEBUG  ]  No duplication rate plot data: V350082740_L04_67-67_fastp.json
[2022-10-10 12:02:40,822] multiqc.modules.fastp.fastp                        [DEBUG  ]  No duplication rate plot data: V350082740_L01_51-51_fastp.json
[2022-10-10 12:02:40,830] multiqc.modules.fastp.fastp                        [DEBUG  ]  No duplication rate plot data: V350082740_L01_80-80_fastp.json
[2022-10-10 12:02:40,837] multiqc.modules.fastp.fastp                        [DEBUG  ]  No duplication rate plot data: V350082740_L02_81-81_fastp.json
[2022-10-10 12:02:40,844] multiqc.modules.fastp.fastp                        [DEBUG  ]  No duplication rate plot data: V350082740_L03_02-02_fastp.json
[2022-10-10 12:02:40,853] multiqc.modules.fastp.fastp                        [DEBUG  ]  No duplication rate plot data: V350082740_L01_50-50_fastp.json
[2022-10-10 12:02:40,863] multiqc.modules.fastp.fastp                        [DEBUG  ]  No duplication rate plot data: V350082740_L01_28-28_fastp.json
[2022-10-10 12:02:40,869] multiqc.modules.fastp.fastp                        [DEBUG  ]  No duplication rate plot data: V350082740_L01_84-84_fastp.json
[2022-10-10 12:02:40,876] multiqc.modules.fastp.fastp                        [DEBUG  ]  No duplication rate plot data: V350082740_L04_75-75_fastp.json
[2022-10-10 12:02:40,883] multiqc.modules.fastp.fastp                        [DEBUG  ]  No duplication rate plot data: V350082740_L03_26-26_fastp.json
[2022-10-10 12:02:40,893] multiqc.modules.fastp.fastp                        [DEBUG  ]  No duplication rate plot data: V350082740_L02_05-05_fastp.json
[2022-10-10 12:02:40,903] multiqc.modules.fastp.fastp                        [DEBUG  ]  No duplication rate plot data: V350082740_L03_39-39_fastp.json
[2022-10-10 12:02:40,909] multiqc.modules.fastp.fastp                        [DEBUG  ]  No duplication rate plot data: V350082740_L02_54-54_fastp.json
[2022-10-10 12:02:40,918] multiqc.modules.fastp.fastp                        [DEBUG  ]  No duplication rate plot data: V350082740_L01_73-73_fastp.json
[2022-10-10 12:02:40,927] multiqc.modules.fastp.fastp                        [DEBUG  ]  No duplication rate plot data: V350082740_L04_54-54_fastp.json
[2022-10-10 12:02:40,934] multiqc.modules.fastp.fastp                        [DEBUG  ]  No duplication rate plot data: V350082740_L01_47-47_fastp.json
[2022-10-10 12:02:40,943] multiqc.modules.fastp.fastp                        [DEBUG  ]  No duplication rate plot data: V350082740_L01_103-103_fastp.json
[2022-10-10 12:02:40,952] multiqc.modules.fastp.fastp                        [DEBUG  ]  No duplication rate plot data: V350082740_L04_73-73_fastp.json
[2022-10-10 12:02:40,957] multiqc.modules.fastp.fastp                        [DEBUG  ]  No duplication rate plot data: V350082740_L02_07-07_fastp.json
[2022-10-10 12:02:40,962] multiqc.modules.fastp.fastp                        [DEBUG  ]  No duplication rate plot data: V350082740_L04_88-88_fastp.json
[2022-10-10 12:02:40,967] multiqc.modules.fastp.fastp                        [DEBUG  ]  No duplication rate plot data: V350082740_L02_29-29_fastp.json
[2022-10-10 12:02:40,972] multiqc.modules.fastp.fastp                        [DEBUG  ]  No duplication rate plot data: V350082740_L04_68-68_fastp.json
[2022-10-10 12:02:40,976] multiqc.modules.fastp.fastp                        [DEBUG  ]  No duplication rate plot data: V350082740_L04_104-104_fastp.json
[2022-10-10 12:02:40,980] multiqc.modules.fastp.fastp                        [DEBUG  ]  No duplication rate plot data: V350082740_L02_104-104_fastp.json
[2022-10-10 12:02:40,985] multiqc.modules.fastp.fastp                        [DEBUG  ]  No duplication rate plot data: V350082740_L04_96-96_fastp.json
[2022-10-10 12:02:40,989] multiqc.modules.fastp.fastp                        [DEBUG  ]  No duplication rate plot data: V350082740_L02_50-50_fastp.json
[2022-10-10 12:02:40,995] multiqc.modules.fastp.fastp                        [DEBUG  ]  No duplication rate plot data: V350082740_L01_01-01_fastp.json
[2022-10-10 12:02:41,000] multiqc.modules.fastp.fastp                        [DEBUG  ]  No duplication rate plot data: V350082740_L04_49-49_fastp.json
[2022-10-10 12:02:41,004] multiqc.modules.fastp.fastp                        [DEBUG  ]  No duplication rate plot data: V350082740_L01_02-02_fastp.json
[2022-10-10 12:02:41,008] multiqc.modules.fastp.fastp                        [DEBUG  ]  No duplication rate plot data: V350082740_L03_10-10_fastp.json
[2022-10-10 12:02:41,015] multiqc.modules.fastp.fastp                        [DEBUG  ]  No duplication rate plot data: V350082740_L04_42-42_fastp.json
[2022-10-10 12:02:41,020] multiqc.modules.fastp.fastp                        [DEBUG  ]  No duplication rate plot data: V350082740_L04_60-60_fastp.json
[2022-10-10 12:02:41,026] multiqc.modules.fastp.fastp                        [DEBUG  ]  No duplication rate plot data: V350082740_L04_94-94_fastp.json
[2022-10-10 12:02:41,031] multiqc.modules.fastp.fastp                        [DEBUG  ]  No duplication rate plot data: V350082740_L02_69-69_fastp.json
[2022-10-10 12:02:41,036] multiqc.modules.fastp.fastp                        [DEBUG  ]  No duplication rate plot data: V350082740_L01_77-77_fastp.json
[2022-10-10 12:02:41,041] multiqc.modules.fastp.fastp                        [DEBUG  ]  No duplication rate plot data: V350082740_L04_61-61_fastp.json
[2022-10-10 12:02:41,046] multiqc.modules.fastp.fastp                        [DEBUG  ]  No duplication rate plot data: V350082740_L03_34-34_fastp.json
[2022-10-10 12:02:41,051] multiqc.modules.fastp.fastp                        [DEBUG  ]  No duplication rate plot data: V350082740_L04_77-77_fastp.json
[2022-10-10 12:02:41,055] multiqc.modules.fastp.fastp                        [DEBUG  ]  No duplication rate plot data: V350082740_L01_11-11_fastp.json
[2022-10-10 12:02:41,060] multiqc.modules.fastp.fastp                        [DEBUG  ]  No duplication rate plot data: V350082740_L01_54-54_fastp.json
[2022-10-10 12:02:41,067] multiqc.modules.fastp.fastp                        [DEBUG  ]  No duplication rate plot data: V350082740_L03_83-83_fastp.json
[2022-10-10 12:02:41,071] multiqc.modules.fastp.fastp                        [DEBUG  ]  No duplication rate plot data: V350082740_L03_27-27_fastp.json
[2022-10-10 12:02:41,076] multiqc.modules.fastp.fastp                        [DEBUG  ]  No duplication rate plot data: V350082740_L01_60-60_fastp.json
[2022-10-10 12:02:41,081] multiqc.modules.fastp.fastp                        [DEBUG  ]  No duplication rate plot data: V350082740_L02_74-74_fastp.json
[2022-10-10 12:02:41,086] multiqc.modules.fastp.fastp                        [DEBUG  ]  No duplication rate plot data: V350082740_L02_12-12_fastp.json
[2022-10-10 12:02:41,091] multiqc.modules.fastp.fastp                        [DEBUG  ]  No duplication rate plot data: V350082740_L01_36-36_fastp.json
[2022-10-10 12:02:41,098] multiqc.modules.fastp.fastp                        [DEBUG  ]  No duplication rate plot data: V350082740_L02_33-33_fastp.json
[2022-10-10 12:02:41,103] multiqc.modules.fastp.fastp                        [DEBUG  ]  No duplication rate plot data: V350082740_L04_59-59_fastp.json
[2022-10-10 12:02:41,108] multiqc.modules.fastp.fastp                        [DEBUG  ]  No duplication rate plot data: V350082740_L01_74-74_fastp.json
[2022-10-10 12:02:41,112] multiqc.modules.fastp.fastp                        [DEBUG  ]  No duplication rate plot data: V350082740_L01_58-58_fastp.json
[2022-10-10 12:02:41,120] multiqc.modules.fastp.fastp                        [DEBUG  ]  No duplication rate plot data: V350082740_L04_32-32_fastp.json
[2022-10-10 12:02:41,125] multiqc.modules.fastp.fastp                        [DEBUG  ]  No duplication rate plot data: V350082740_L01_82-82_fastp.json
[2022-10-10 12:02:41,130] multiqc.modules.fastp.fastp                        [DEBUG  ]  No duplication rate plot data: V350082740_L01_104-104_fastp.json
[2022-10-10 12:02:41,135] multiqc.modules.fastp.fastp                        [DEBUG  ]  No duplication rate plot data: V350082740_L01_87-87_fastp.json
[2022-10-10 12:02:41,140] multiqc.modules.fastp.fastp                        [DEBUG  ]  No duplication rate plot data: V350082740_L04_34-34_fastp.json
[2022-10-10 12:02:41,145] multiqc.modules.fastp.fastp                        [DEBUG  ]  No duplication rate plot data: V350082740_L01_79-79_fastp.json
[2022-10-10 12:02:41,150] multiqc.modules.fastp.fastp                        [DEBUG  ]  No duplication rate plot data: V350082740_L02_48-48_fastp.json
[2022-10-10 12:02:41,156] multiqc.modules.fastp.fastp                        [DEBUG  ]  No duplication rate plot data: V350082740_L03_55-55_fastp.json
[2022-10-10 12:02:41,161] multiqc.modules.fastp.fastp                        [DEBUG  ]  No duplication rate plot data: V350082740_L03_46-46_fastp.json
[2022-10-10 12:02:41,166] multiqc.modules.fastp.fastp                        [DEBUG  ]  No duplication rate plot data: V350082740_L02_98-98_fastp.json
[2022-10-10 12:02:41,172] multiqc.modules.fastp.fastp                        [DEBUG  ]  No duplication rate plot data: V350082740_L01_19-19_fastp.json
[2022-10-10 12:02:41,177] multiqc.modules.fastp.fastp                        [DEBUG  ]  No duplication rate plot data: V350082740_L03_05-05_fastp.json
[2022-10-10 12:02:41,182] multiqc.modules.fastp.fastp                        [DEBUG  ]  No duplication rate plot data: V350082740_L04_92-92_fastp.json
[2022-10-10 12:02:41,187] multiqc.modules.fastp.fastp                        [DEBUG  ]  No duplication rate plot data: V350082740_L04_72-72_fastp.json
[2022-10-10 12:02:41,191] multiqc.modules.fastp.fastp                        [DEBUG  ]  No duplication rate plot data: V350082740_L04_79-79_fastp.json
[2022-10-10 12:02:41,196] multiqc.modules.fastp.fastp                        [DEBUG  ]  No duplication rate plot data: V350082740_L03_06-06_fastp.json
[2022-10-10 12:02:41,202] multiqc.modules.fastp.fastp                        [DEBUG  ]  No duplication rate plot data: V350082740_L03_45-45_fastp.json
[2022-10-10 12:02:41,207] multiqc.modules.fastp.fastp                        [DEBUG  ]  No duplication rate plot data: V350082740_L03_25-25_fastp.json
[2022-10-10 12:02:41,214] multiqc.modules.fastp.fastp                        [DEBUG  ]  No duplication rate plot data: V350082740_L04_71-71_fastp.json
[2022-10-10 12:02:41,218] multiqc.modules.fastp.fastp                        [DEBUG  ]  No duplication rate plot data: V350082740_L04_26-26_fastp.json
[2022-10-10 12:02:41,223] multiqc.modules.fastp.fastp                        [DEBUG  ]  No duplication rate plot data: V350082740_L02_30-30_fastp.json
[2022-10-10 12:02:41,227] multiqc.modules.fastp.fastp                        [DEBUG  ]  No duplication rate plot data: V350082740_L01_98-98_fastp.json
[2022-10-10 12:02:41,232] multiqc.modules.fastp.fastp                        [DEBUG  ]  No duplication rate plot data: V350082740_L02_67-67_fastp.json
[2022-10-10 12:02:41,236] multiqc.modules.fastp.fastp                        [DEBUG  ]  No duplication rate plot data: V350082740_L03_18-18_fastp.json
[2022-10-10 12:02:41,240] multiqc.modules.fastp.fastp                        [DEBUG  ]  No duplication rate plot data: V350082740_L03_73-73_fastp.json
[2022-10-10 12:02:41,245] multiqc.modules.fastp.fastp                        [DEBUG  ]  No duplication rate plot data: V350082740_L03_19-19_fastp.json
[2022-10-10 12:02:41,250] multiqc.modules.fastp.fastp                        [DEBUG  ]  No duplication rate plot data: V350082740_L02_14-14_fastp.json
[2022-10-10 12:02:41,256] multiqc.modules.fastp.fastp                        [DEBUG  ]  No duplication rate plot data: V350082740_L02_92-92_fastp.json
[2022-10-10 12:02:41,263] multiqc.modules.fastp.fastp                        [DEBUG  ]  No duplication rate plot data: V350082740_L03_92-92_fastp.json
[2022-10-10 12:02:41,268] multiqc.modules.fastp.fastp                        [DEBUG  ]  No duplication rate plot data: V350082740_L04_27-27_fastp.json
[2022-10-10 12:02:41,272] multiqc.modules.fastp.fastp                        [DEBUG  ]  No duplication rate plot data: V350082740_L01_32-32_fastp.json
[2022-10-10 12:02:41,277] multiqc.modules.fastp.fastp                        [DEBUG  ]  No duplication rate plot data: V350082740_L03_75-75_fastp.json
[2022-10-10 12:02:41,281] multiqc.modules.fastp.fastp                        [DEBUG  ]  No duplication rate plot data: V350082740_L02_91-91_fastp.json
[2022-10-10 12:02:41,286] multiqc.modules.fastp.fastp                        [DEBUG  ]  No duplication rate plot data: V350082740_L02_57-57_fastp.json
[2022-10-10 12:02:41,297] multiqc.modules.fastp.fastp                        [DEBUG  ]  No duplication rate plot data: V350082740_L02_18-18_fastp.json
[2022-10-10 12:02:41,302] multiqc.modules.fastp.fastp                        [DEBUG  ]  No duplication rate plot data: V350082740_L02_61-61_fastp.json
[2022-10-10 12:02:41,307] multiqc.modules.fastp.fastp                        [DEBUG  ]  No duplication rate plot data: V350082740_L01_21-21_fastp.json
[2022-10-10 12:02:41,312] multiqc.modules.fastp.fastp                        [DEBUG  ]  No duplication rate plot data: V350082740_L04_25-25_fastp.json
[2022-10-10 12:02:41,318] multiqc.modules.fastp.fastp                        [DEBUG  ]  No duplication rate plot data: V350082740_L03_103-103_fastp.json
[2022-10-10 12:02:41,326] multiqc.modules.fastp.fastp                        [DEBUG  ]  No duplication rate plot data: V350082740_L04_90-90_fastp.json
[2022-10-10 12:02:41,331] multiqc.modules.fastp.fastp                        [DEBUG  ]  No duplication rate plot data: V350082740_L02_87-87_fastp.json
[2022-10-10 12:02:41,338] multiqc.modules.fastp.fastp                        [DEBUG  ]  No duplication rate plot data: V350082740_L04_50-50_fastp.json
[2022-10-10 12:02:41,344] multiqc.modules.fastp.fastp                        [DEBUG  ]  No duplication rate plot data: V350082740_L01_18-18_fastp.json
[2022-10-10 12:02:41,349] multiqc.modules.fastp.fastp                        [DEBUG  ]  No duplication rate plot data: V350082740_L03_87-87_fastp.json
[2022-10-10 12:02:41,356] multiqc.modules.fastp.fastp                        [DEBUG  ]  No duplication rate plot data: V350082740_L02_53-53_fastp.json
[2022-10-10 12:02:41,361] multiqc.modules.fastp.fastp                        [DEBUG  ]  No duplication rate plot data: V350082740_L03_85-85_fastp.json
[2022-10-10 12:02:41,366] multiqc.modules.fastp.fastp                        [DEBUG  ]  No duplication rate plot data: V350082740_L03_90-90_fastp.json
[2022-10-10 12:02:41,371] multiqc.modules.fastp.fastp                        [DEBUG  ]  No duplication rate plot data: V350082740_L03_03-03_fastp.json
[2022-10-10 12:02:41,375] multiqc.modules.fastp.fastp                        [DEBUG  ]  No duplication rate plot data: V350082740_L03_15-15_fastp.json
[2022-10-10 12:02:41,380] multiqc.modules.fastp.fastp                        [DEBUG  ]  No duplication rate plot data: V350082740_L04_35-35_fastp.json
[2022-10-10 12:02:41,385] multiqc.modules.fastp.fastp                        [DEBUG  ]  No duplication rate plot data: V350082740_L02_10-10_fastp.json
[2022-10-10 12:02:41,389] multiqc.modules.fastp.fastp                        [DEBUG  ]  No duplication rate plot data: V350082740_L03_93-93_fastp.json
[2022-10-10 12:02:41,393] multiqc.modules.fastp.fastp                        [DEBUG  ]  No duplication rate plot data: V350082740_L02_73-73_fastp.json
[2022-10-10 12:02:41,398] multiqc.modules.fastp.fastp                        [DEBUG  ]  No duplication rate plot data: V350082740_L02_31-31_fastp.json
[2022-10-10 12:02:41,402] multiqc.modules.fastp.fastp                        [DEBUG  ]  No duplication rate plot data: V350082740_L01_67-67_fastp.json
[2022-10-10 12:02:41,407] multiqc.modules.fastp.fastp                        [DEBUG  ]  No duplication rate plot data: V350082740_L04_33-33_fastp.json
[2022-10-10 12:02:41,412] multiqc.modules.fastp.fastp                        [DEBUG  ]  No duplication rate plot data: V350082740_L03_95-95_fastp.json
[2022-10-10 12:02:41,416] multiqc.modules.fastp.fastp                        [DEBUG  ]  No duplication rate plot data: V350082740_L01_43-43_fastp.json
[2022-10-10 12:02:41,420] multiqc.modules.fastp.fastp                        [DEBUG  ]  No duplication rate plot data: V350082740_L02_17-17_fastp.json
[2022-10-10 12:02:41,425] multiqc.modules.fastp.fastp                        [DEBUG  ]  No duplication rate plot data: V350082740_L01_100-100_fastp.json
[2022-10-10 12:02:41,430] multiqc.modules.fastp.fastp                        [DEBUG  ]  No duplication rate plot data: V350082740_L01_34-34_fastp.json
[2022-10-10 12:02:41,435] multiqc.modules.fastp.fastp                        [DEBUG  ]  No duplication rate plot data: V350082740_L03_102-102_fastp.json
[2022-10-10 12:02:41,440] multiqc.modules.fastp.fastp                        [DEBUG  ]  No duplication rate plot data: V350082740_L02_80-80_fastp.json
[2022-10-10 12:02:41,445] multiqc.modules.fastp.fastp                        [DEBUG  ]  No duplication rate plot data: V350082740_L01_39-39_fastp.json
[2022-10-10 12:02:41,450] multiqc.modules.fastp.fastp                        [DEBUG  ]  No duplication rate plot data: V350082740_L03_48-48_fastp.json
[2022-10-10 12:02:41,456] multiqc.modules.fastp.fastp                        [DEBUG  ]  No duplication rate plot data: V350082740_L01_41-41_fastp.json
[2022-10-10 12:02:41,463] multiqc.modules.fastp.fastp                        [DEBUG  ]  No duplication rate plot data: V350082740_L03_23-23_fastp.json
[2022-10-10 12:02:41,468] multiqc.modules.fastp.fastp                        [DEBUG  ]  No duplication rate plot data: V350082740_L03_64-64_fastp.json
[2022-10-10 12:02:41,472] multiqc.modules.fastp.fastp                        [DEBUG  ]  No duplication rate plot data: V350082740_L04_58-58_fastp.json
[2022-10-10 12:02:41,479] multiqc.modules.fastp.fastp                        [DEBUG  ]  No duplication rate plot data: V350082740_L02_11-11_fastp.json
[2022-10-10 12:02:41,486] multiqc.modules.fastp.fastp                        [DEBUG  ]  No duplication rate plot data: V350082740_L03_24-24_fastp.json
[2022-10-10 12:02:41,491] multiqc.modules.fastp.fastp                        [DEBUG  ]  No duplication rate plot data: V350082740_L03_29-29_fastp.json
[2022-10-10 12:02:41,495] multiqc.modules.fastp.fastp                        [DEBUG  ]  No duplication rate plot data: V350082740_L03_78-78_fastp.json
[2022-10-10 12:02:41,500] multiqc.modules.fastp.fastp                        [DEBUG  ]  No duplication rate plot data: V350082740_L01_83-83_fastp.json
[2022-10-10 12:02:41,506] multiqc.modules.fastp.fastp                        [DEBUG  ]  No duplication rate plot data: V350082740_L02_35-35_fastp.json
[2022-10-10 12:02:41,511] multiqc.modules.fastp.fastp                        [DEBUG  ]  No duplication rate plot data: V350082740_L04_95-95_fastp.json
[2022-10-10 12:02:41,515] multiqc.modules.fastp.fastp                        [DEBUG  ]  No duplication rate plot data: V350082740_L01_45-45_fastp.json
[2022-10-10 12:02:41,520] multiqc.modules.fastp.fastp                        [DEBUG  ]  No duplication rate plot data: V350082740_L02_58-58_fastp.json
[2022-10-10 12:02:41,527] multiqc.modules.fastp.fastp                        [DEBUG  ]  No duplication rate plot data: V350082740_L01_15-15_fastp.json
[2022-10-10 12:02:41,531] multiqc.modules.fastp.fastp                        [DEBUG  ]  No duplication rate plot data: V350082740_L01_13-13_fastp.json
[2022-10-10 12:02:41,537] multiqc.modules.fastp.fastp                        [DEBUG  ]  No duplication rate plot data: V350082740_L01_05-05_fastp.json
[2022-10-10 12:02:41,542] multiqc.modules.fastp.fastp                        [DEBUG  ]  No duplication rate plot data: V350082740_L01_35-35_fastp.json
[2022-10-10 12:02:41,547] multiqc.modules.fastp.fastp                        [DEBUG  ]  No duplication rate plot data: V350082740_L02_71-71_fastp.json
[2022-10-10 12:02:41,552] multiqc.modules.fastp.fastp                        [DEBUG  ]  No duplication rate plot data: V350082740_L03_81-81_fastp.json
[2022-10-10 12:02:41,557] multiqc.modules.fastp.fastp                        [DEBUG  ]  No duplication rate plot data: V350082740_L01_49-49_fastp.json
[2022-10-10 12:02:41,562] multiqc.modules.fastp.fastp                        [DEBUG  ]  No duplication rate plot data: V350082740_L02_79-79_fastp.json
[2022-10-10 12:02:41,566] multiqc.modules.fastp.fastp                        [DEBUG  ]  No duplication rate plot data: V350082740_L03_72-72_fastp.json
[2022-10-10 12:02:41,572] multiqc.modules.fastp.fastp                        [DEBUG  ]  No duplication rate plot data: V350082740_L04_45-45_fastp.json
[2022-10-10 12:02:41,577] multiqc.modules.fastp.fastp                        [DEBUG  ]  No duplication rate plot data: V350082740_L04_04-04_fastp.json
[2022-10-10 12:02:41,583] multiqc.modules.fastp.fastp                        [DEBUG  ]  No duplication rate plot data: V350082740_L01_97-97_fastp.json
[2022-10-10 12:02:41,588] multiqc.modules.fastp.fastp                        [DEBUG  ]  No duplication rate plot data: V350082740_L01_14-14_fastp.json
[2022-10-10 12:02:41,592] multiqc.modules.fastp.fastp                        [DEBUG  ]  No duplication rate plot data: V350082740_L04_24-24_fastp.json
[2022-10-10 12:02:41,599] multiqc.modules.fastp.fastp                        [DEBUG  ]  No duplication rate plot data: V350082740_L04_76-76_fastp.json
[2022-10-10 12:02:41,604] multiqc.modules.fastp.fastp                        [DEBUG  ]  No duplication rate plot data: V350082740_L04_78-78_fastp.json
[2022-10-10 12:02:41,610] multiqc.modules.fastp.fastp                        [DEBUG  ]  No duplication rate plot data: V350082740_L03_91-91_fastp.json
[2022-10-10 12:02:41,617] multiqc.modules.fastp.fastp                        [DEBUG  ]  No duplication rate plot data: V350082740_L01_62-62_fastp.json
[2022-10-10 12:02:41,622] multiqc.modules.fastp.fastp                        [DEBUG  ]  No duplication rate plot data: V350082740_L02_68-68_fastp.json
[2022-10-10 12:02:41,626] multiqc.modules.fastp.fastp                        [DEBUG  ]  No duplication rate plot data: V350082740_L04_43-43_fastp.json
[2022-10-10 12:02:41,656] multiqc.modules.fastp.fastp                        [DEBUG  ]  No duplication rate plot data: V350082740_L04_41-41_fastp.json
[2022-10-10 12:02:41,702] multiqc.modules.fastp.fastp                        [DEBUG  ]  No duplication rate plot data: V350082740_L02_82-82_fastp.json
[2022-10-10 12:02:41,709] multiqc.modules.fastp.fastp                        [DEBUG  ]  No duplication rate plot data: V350082740_L01_63-63_fastp.json
[2022-10-10 12:02:41,714] multiqc.modules.fastp.fastp                        [DEBUG  ]  No duplication rate plot data: V350082740_L02_19-19_fastp.json
[2022-10-10 12:02:41,719] multiqc.modules.fastp.fastp                        [DEBUG  ]  No duplication rate plot data: V350082740_L03_82-82_fastp.json
[2022-10-10 12:02:41,723] multiqc.modules.fastp.fastp                        [DEBUG  ]  No duplication rate plot data: V350082740_L04_80-80_fastp.json
[2022-10-10 12:02:41,728] multiqc.modules.fastp.fastp                        [DEBUG  ]  No duplication rate plot data: V350082740_L01_48-48_fastp.json
[2022-10-10 12:02:41,733] multiqc.modules.fastp.fastp                        [DEBUG  ]  No duplication rate plot data: V350082740_L01_92-92_fastp.json
[2022-10-10 12:02:41,738] multiqc.modules.fastp.fastp                        [DEBUG  ]  No duplication rate plot data: V350082740_L03_53-53_fastp.json
[2022-10-10 12:02:41,742] multiqc.modules.fastp.fastp                        [DEBUG  ]  No duplication rate plot data: V350082740_L01_30-30_fastp.json
[2022-10-10 12:02:41,748] multiqc.modules.fastp.fastp                        [DEBUG  ]  No duplication rate plot data: V350082740_L04_29-29_fastp.json
[2022-10-10 12:02:41,754] multiqc.modules.fastp.fastp                        [DEBUG  ]  No duplication rate plot data: V350082740_L04_85-85_fastp.json
[2022-10-10 12:02:41,759] multiqc.modules.fastp.fastp                        [DEBUG  ]  No duplication rate plot data: V350082740_L03_60-60_fastp.json
[2022-10-10 12:02:41,764] multiqc.modules.fastp.fastp                        [DEBUG  ]  No duplication rate plot data: V350082740_L01_29-29_fastp.json
[2022-10-10 12:02:41,768] multiqc.modules.fastp.fastp                        [DEBUG  ]  No duplication rate plot data: V350082740_L02_13-13_fastp.json
[2022-10-10 12:02:41,773] multiqc.modules.fastp.fastp                        [DEBUG  ]  No duplication rate plot data: V350082740_L02_44-44_fastp.json
[2022-10-10 12:02:41,778] multiqc.modules.fastp.fastp                        [DEBUG  ]  No duplication rate plot data: V350082740_L04_51-51_fastp.json
[2022-10-10 12:02:41,784] multiqc.modules.fastp.fastp                        [DEBUG  ]  No duplication rate plot data: V350082740_L02_102-102_fastp.json
[2022-10-10 12:02:41,789] multiqc.modules.fastp.fastp                        [DEBUG  ]  No duplication rate plot data: V350082740_L01_53-53_fastp.json
[2022-10-10 12:02:41,794] multiqc.modules.fastp.fastp                        [DEBUG  ]  No duplication rate plot data: V350082740_L02_94-94_fastp.json
[2022-10-10 12:02:41,799] multiqc.modules.fastp.fastp                        [DEBUG  ]  No duplication rate plot data: V350082740_L04_89-89_fastp.json
[2022-10-10 12:02:41,806] multiqc.modules.fastp.fastp                        [DEBUG  ]  No duplication rate plot data: V350082740_L04_97-97_fastp.json
[2022-10-10 12:02:41,811] multiqc.modules.fastp.fastp                        [DEBUG  ]  No duplication rate plot data: V350082740_L04_87-87_fastp.json
[2022-10-10 12:02:41,821] multiqc.modules.fastp.fastp                        [DEBUG  ]  No duplication rate plot data: V350082740_L04_14-14_fastp.json
[2022-10-10 12:02:41,826] multiqc.modules.fastp.fastp                        [DEBUG  ]  No duplication rate plot data: V350082740_L02_55-55_fastp.json
[2022-10-10 12:02:41,832] multiqc.modules.fastp.fastp                        [DEBUG  ]  No duplication rate plot data: V350082740_L01_56-56_fastp.json
[2022-10-10 12:02:41,837] multiqc.modules.fastp.fastp                        [DEBUG  ]  No duplication rate plot data: V350082740_L03_71-71_fastp.json
[2022-10-10 12:02:41,842] multiqc.modules.fastp.fastp                        [DEBUG  ]  No duplication rate plot data: V350082740_L02_42-42_fastp.json
[2022-10-10 12:02:41,848] multiqc.modules.fastp.fastp                        [DEBUG  ]  No duplication rate plot data: V350082740_L03_37-37_fastp.json
[2022-10-10 12:02:41,853] multiqc.modules.fastp.fastp                        [DEBUG  ]  No duplication rate plot data: V350082740_L03_01-01_fastp.json
[2022-10-10 12:02:41,858] multiqc.modules.fastp.fastp                        [DEBUG  ]  No duplication rate plot data: V350082740_L02_21-21_fastp.json
[2022-10-10 12:02:41,863] multiqc.modules.fastp.fastp                        [DEBUG  ]  No duplication rate plot data: V350082740_L04_93-93_fastp.json
[2022-10-10 12:02:41,867] multiqc.modules.fastp.fastp                        [DEBUG  ]  No duplication rate plot data: V350082740_L01_55-55_fastp.json
[2022-10-10 12:02:41,871] multiqc.modules.fastp.fastp                        [DEBUG  ]  No duplication rate plot data: V350082740_L03_80-80_fastp.json
[2022-10-10 12:02:41,876] multiqc.modules.fastp.fastp                        [DEBUG  ]  No duplication rate plot data: V350082740_L02_38-38_fastp.json
[2022-10-10 12:02:41,882] multiqc.modules.fastp.fastp                        [DEBUG  ]  No duplication rate plot data: V350082740_L02_16-16_fastp.json
[2022-10-10 12:02:41,887] multiqc.modules.fastp.fastp                        [DEBUG  ]  No duplication rate plot data: V350082740_L02_72-72_fastp.json
[2022-10-10 12:02:41,895] multiqc.modules.fastp.fastp                        [DEBUG  ]  No duplication rate plot data: V350082740_L04_99-99_fastp.json
[2022-10-10 12:02:41,900] multiqc.modules.fastp.fastp                        [DEBUG  ]  No duplication rate plot data: V350082740_L02_52-52_fastp.json
[2022-10-10 12:02:41,906] multiqc.modules.fastp.fastp                        [DEBUG  ]  No duplication rate plot data: V350082740_L01_71-71_fastp.json
[2022-10-10 12:02:41,911] multiqc.modules.fastp.fastp                        [DEBUG  ]  No duplication rate plot data: V350082740_L03_20-20_fastp.json
[2022-10-10 12:02:41,915] multiqc.modules.fastp.fastp                        [DEBUG  ]  No duplication rate plot data: V350082740_L04_62-62_fastp.json
[2022-10-10 12:02:41,920] multiqc.modules.fastp.fastp                        [DEBUG  ]  No duplication rate plot data: V350082740_L03_49-49_fastp.json
[2022-10-10 12:02:41,925] multiqc.modules.fastp.fastp                        [DEBUG  ]  No duplication rate plot data: V350082740_L02_56-56_fastp.json
[2022-10-10 12:02:41,930] multiqc.modules.fastp.fastp                        [DEBUG  ]  No duplication rate plot data: V350082740_L01_37-37_fastp.json
[2022-10-10 12:02:41,937] multiqc.modules.fastp.fastp                        [DEBUG  ]  No duplication rate plot data: V350082740_L03_96-96_fastp.json
[2022-10-10 12:02:41,941] multiqc.modules.fastp.fastp                        [DEBUG  ]  No duplication rate plot data: V350082740_L02_85-85_fastp.json
[2022-10-10 12:02:41,946] multiqc.modules.fastp.fastp                        [DEBUG  ]  No duplication rate plot data: V350082740_L01_93-93_fastp.json
[2022-10-10 12:02:41,953] multiqc.modules.fastp.fastp                        [DEBUG  ]  No duplication rate plot data: V350082740_L04_09-09_fastp.json
[2022-10-10 12:02:41,958] multiqc.modules.fastp.fastp                        [DEBUG  ]  No duplication rate plot data: V350082740_L02_90-90_fastp.json
[2022-10-10 12:02:41,963] multiqc.modules.fastp.fastp                        [DEBUG  ]  No duplication rate plot data: V350082740_L02_41-41_fastp.json
[2022-10-10 12:02:41,967] multiqc.modules.fastp.fastp                        [DEBUG  ]  No duplication rate plot data: V350082740_L03_97-97_fastp.json
[2022-10-10 12:02:41,972] multiqc.modules.fastp.fastp                        [DEBUG  ]  No duplication rate plot data: V350082740_L02_39-39_fastp.json
[2022-10-10 12:02:41,977] multiqc.modules.fastp.fastp                        [DEBUG  ]  No duplication rate plot data: V350082740_L04_74-74_fastp.json
[2022-10-10 12:02:41,982] multiqc.modules.fastp.fastp                        [DEBUG  ]  No duplication rate plot data: V350082740_L03_35-35_fastp.json
[2022-10-10 12:02:41,986] multiqc.modules.fastp.fastp                        [DEBUG  ]  No duplication rate plot data: V350082740_L03_86-86_fastp.json
[2022-10-10 12:02:41,991] multiqc.modules.fastp.fastp                        [DEBUG  ]  No duplication rate plot data: V350082740_L04_56-56_fastp.json
[2022-10-10 12:02:41,995] multiqc.modules.fastp.fastp                        [DEBUG  ]  No duplication rate plot data: V350082740_L02_15-15_fastp.json
[2022-10-10 12:02:42,000] multiqc.modules.fastp.fastp                        [DEBUG  ]  No duplication rate plot data: V350082740_L03_56-56_fastp.json
[2022-10-10 12:02:42,005] multiqc.modules.fastp.fastp                        [DEBUG  ]  No duplication rate plot data: V350082740_L03_101-101_fastp.json
[2022-10-10 12:02:42,010] multiqc.modules.fastp.fastp                        [DEBUG  ]  No duplication rate plot data: V350082740_L01_04-04_fastp.json
[2022-10-10 12:02:42,014] multiqc.modules.fastp.fastp                        [DEBUG  ]  No duplication rate plot data: V350082740_L02_43-43_fastp.json
[2022-10-10 12:02:42,019] multiqc.modules.fastp.fastp                        [DEBUG  ]  No duplication rate plot data: V350082740_L02_26-26_fastp.json
[2022-10-10 12:02:42,023] multiqc.modules.fastp.fastp                        [DEBUG  ]  No duplication rate plot data: V350082740_L02_77-77_fastp.json
[2022-10-10 12:02:42,028] multiqc.modules.fastp.fastp                        [DEBUG  ]  No duplication rate plot data: V350082740_L01_65-65_fastp.json
[2022-10-10 12:02:42,032] multiqc.modules.fastp.fastp                        [DEBUG  ]  No duplication rate plot data: V350082740_L02_09-09_fastp.json
[2022-10-10 12:02:42,039] multiqc.modules.fastp.fastp                        [DEBUG  ]  No duplication rate plot data: V350082740_L03_07-07_fastp.json
[2022-10-10 12:02:42,047] multiqc.modules.fastp.fastp                        [DEBUG  ]  No duplication rate plot data: V350082740_L01_70-70_fastp.json
[2022-10-10 12:02:42,051] multiqc.modules.fastp.fastp                        [DEBUG  ]  No duplication rate plot data: V350082740_L04_22-22_fastp.json
[2022-10-10 12:02:42,056] multiqc.modules.fastp.fastp                        [DEBUG  ]  No duplication rate plot data: V350082740_L03_14-14_fastp.json
[2022-10-10 12:02:42,061] multiqc.modules.fastp.fastp                        [DEBUG  ]  No duplication rate plot data: V350082740_L04_38-38_fastp.json
[2022-10-10 12:02:42,065] multiqc.modules.fastp.fastp                        [DEBUG  ]  No duplication rate plot data: V350082740_L02_99-99_fastp.json
[2022-10-10 12:02:42,070] multiqc.modules.fastp.fastp                        [DEBUG  ]  No duplication rate plot data: V350082740_L01_24-24_fastp.json
[2022-10-10 12:02:42,075] multiqc.modules.fastp.fastp                        [DEBUG  ]  No duplication rate plot data: V350082740_L02_04-04_fastp.json
[2022-10-10 12:02:42,080] multiqc.modules.fastp.fastp                        [DEBUG  ]  No duplication rate plot data: V350082740_L03_04-04_fastp.json
[2022-10-10 12:02:42,086] multiqc.modules.fastp.fastp                        [DEBUG  ]  No duplication rate plot data: V350082740_L04_48-48_fastp.json
[2022-10-10 12:02:42,091] multiqc.modules.fastp.fastp                        [DEBUG  ]  No duplication rate plot data: V350082740_L03_104-104_fastp.json
[2022-10-10 12:02:42,097] multiqc.modules.fastp.fastp                        [DEBUG  ]  No duplication rate plot data: V350082740_L01_59-59_fastp.json
[2022-10-10 12:02:42,102] multiqc.modules.fastp.fastp                        [DEBUG  ]  No duplication rate plot data: V350082740_L03_57-57_fastp.json
[2022-10-10 12:02:42,106] multiqc.modules.fastp.fastp                        [DEBUG  ]  No duplication rate plot data: V350082740_L03_58-58_fastp.json
[2022-10-10 12:02:42,111] multiqc.modules.fastp.fastp                        [DEBUG  ]  No duplication rate plot data: V350082740_L03_89-89_fastp.json
[2022-10-10 12:02:42,116] multiqc.modules.fastp.fastp                        [DEBUG  ]  No duplication rate plot data: V350082740_L03_28-28_fastp.json
[2022-10-10 12:02:42,121] multiqc.modules.fastp.fastp                        [DEBUG  ]  No duplication rate plot data: V350082740_L02_46-46_fastp.json
[2022-10-10 12:02:42,126] multiqc.modules.fastp.fastp                        [DEBUG  ]  No duplication rate plot data: V350082740_L02_88-88_fastp.json
[2022-10-10 12:02:42,130] multiqc.modules.fastp.fastp                        [DEBUG  ]  No duplication rate plot data: V350082740_L04_19-19_fastp.json
[2022-10-10 12:02:42,135] multiqc.modules.fastp.fastp                        [DEBUG  ]  No duplication rate plot data: V350082740_L04_47-47_fastp.json
[2022-10-10 12:02:42,139] multiqc.modules.fastp.fastp                        [DEBUG  ]  No duplication rate plot data: V350082740_L03_13-13_fastp.json
[2022-10-10 12:02:42,144] multiqc.modules.fastp.fastp                        [DEBUG  ]  No duplication rate plot data: V350082740_L04_02-02_fastp.json
[2022-10-10 12:02:42,148] multiqc.modules.fastp.fastp                        [DEBUG  ]  No duplication rate plot data: V350082740_L03_17-17_fastp.json
[2022-10-10 12:02:42,153] multiqc.modules.fastp.fastp                        [DEBUG  ]  No duplication rate plot data: V350082740_L04_10-10_fastp.json
[2022-10-10 12:02:42,157] multiqc.modules.fastp.fastp                        [DEBUG  ]  No duplication rate plot data: V350082740_L02_84-84_fastp.json
[2022-10-10 12:02:42,162] multiqc.modules.fastp.fastp                        [DEBUG  ]  No duplication rate plot data: V350082740_L01_90-90_fastp.json
[2022-10-10 12:02:42,166] multiqc.modules.fastp.fastp                        [DEBUG  ]  No duplication rate plot data: V350082740_L04_21-21_fastp.json
[2022-10-10 12:02:42,171] multiqc.modules.fastp.fastp                        [DEBUG  ]  No duplication rate plot data: V350082740_L01_86-86_fastp.json
[2022-10-10 12:02:42,176] multiqc.modules.fastp.fastp                        [DEBUG  ]  No duplication rate plot data: V350082740_L04_30-30_fastp.json
[2022-10-10 12:02:42,181] multiqc.modules.fastp.fastp                        [DEBUG  ]  No duplication rate plot data: V350082740_L03_22-22_fastp.json
[2022-10-10 12:02:42,186] multiqc.modules.fastp.fastp                        [DEBUG  ]  No duplication rate plot data: V350082740_L01_07-07_fastp.json
[2022-10-10 12:02:42,192] multiqc.modules.fastp.fastp                        [DEBUG  ]  No duplication rate plot data: V350082740_L03_31-31_fastp.json
[2022-10-10 12:02:42,198] multiqc.modules.fastp.fastp                        [DEBUG  ]  No duplication rate plot data: V350082740_L03_52-52_fastp.json
[2022-10-10 12:02:42,203] multiqc.modules.fastp.fastp                        [DEBUG  ]  No duplication rate plot data: V350082740_L01_69-69_fastp.json
[2022-10-10 12:02:42,207] multiqc.modules.fastp.fastp                        [DEBUG  ]  No duplication rate plot data: V350082740_L03_88-88_fastp.json
[2022-10-10 12:02:42,213] multiqc.modules.fastp.fastp                        [DEBUG  ]  No duplication rate plot data: V350082740_L01_06-06_fastp.json
[2022-10-10 12:02:42,218] multiqc.modules.fastp.fastp                        [DEBUG  ]  No duplication rate plot data: V350082740_L03_94-94_fastp.json
[2022-10-10 12:02:42,222] multiqc.modules.fastp.fastp                        [DEBUG  ]  No duplication rate plot data: V350082740_L03_76-76_fastp.json
[2022-10-10 12:02:42,227] multiqc.modules.fastp.fastp                        [DEBUG  ]  No duplication rate plot data: V350082740_L02_32-32_fastp.json
[2022-10-10 12:02:42,231] multiqc.modules.fastp.fastp                        [DEBUG  ]  No duplication rate plot data: V350082740_L03_79-79_fastp.json
[2022-10-10 12:02:42,236] multiqc.modules.fastp.fastp                        [DEBUG  ]  No duplication rate plot data: V350082740_L04_53-53_fastp.json
[2022-10-10 12:02:42,242] multiqc.modules.fastp.fastp                        [DEBUG  ]  No duplication rate plot data: V350082740_L02_24-24_fastp.json
[2022-10-10 12:02:42,247] multiqc.modules.fastp.fastp                        [DEBUG  ]  No duplication rate plot data: V350082740_L03_12-12_fastp.json
[2022-10-10 12:02:42,253] multiqc.modules.fastp.fastp                        [DEBUG  ]  No duplication rate plot data: V350082740_L02_23-23_fastp.json
[2022-10-10 12:02:42,258] multiqc.modules.fastp.fastp                        [DEBUG  ]  No duplication rate plot data: V350082740_L02_60-60_fastp.json
[2022-10-10 12:02:42,269] multiqc.modules.fastp.fastp                        [DEBUG  ]  No duplication rate plot data: V350082740_L04_103-103_fastp.json
[2022-10-10 12:02:42,274] multiqc.modules.fastp.fastp                        [DEBUG  ]  No duplication rate plot data: V350082740_L04_98-98_fastp.json
[2022-10-10 12:02:42,279] multiqc.modules.fastp.fastp                        [DEBUG  ]  No duplication rate plot data: V350082740_L04_03-03_fastp.json
[2022-10-10 12:02:42,285] multiqc.modules.fastp.fastp                        [DEBUG  ]  No duplication rate plot data: V350082740_L02_22-22_fastp.json
[2022-10-10 12:02:42,290] multiqc.modules.fastp.fastp                        [DEBUG  ]  No duplication rate plot data: V350082740_L02_01-01_fastp.json
[2022-10-10 12:02:42,295] multiqc.modules.fastp.fastp                        [DEBUG  ]  No duplication rate plot data: V350082740_L02_75-75_fastp.json
[2022-10-10 12:02:42,299] multiqc.modules.fastp.fastp                        [DEBUG  ]  No duplication rate plot data: V350082740_L04_11-11_fastp.json
[2022-10-10 12:02:42,304] multiqc.modules.fastp.fastp                        [DEBUG  ]  No duplication rate plot data: V350082740_L02_40-40_fastp.json
[2022-10-10 12:02:42,309] multiqc.modules.fastp.fastp                        [DEBUG  ]  No duplication rate plot data: V350082740_L01_08-08_fastp.json
[2022-10-10 12:02:42,313] multiqc.modules.fastp.fastp                        [DEBUG  ]  No duplication rate plot data: V350082740_L01_76-76_fastp.json
[2022-10-10 12:02:42,319] multiqc.modules.fastp.fastp                        [DEBUG  ]  No duplication rate plot data: V350082740_L02_95-95_fastp.json
[2022-10-10 12:02:42,324] multiqc.modules.fastp.fastp                        [DEBUG  ]  No duplication rate plot data: V350082740_L04_63-63_fastp.json
[2022-10-10 12:02:42,330] multiqc.modules.fastp.fastp                        [DEBUG  ]  No duplication rate plot data: V350082740_L04_12-12_fastp.json
[2022-10-10 12:02:42,335] multiqc.modules.fastp.fastp                        [DEBUG  ]  No duplication rate plot data: V350082740_L03_63-63_fastp.json
[2022-10-10 12:02:42,342] multiqc.modules.fastp.fastp                        [DEBUG  ]  No duplication rate plot data: V350082740_L04_18-18_fastp.json
[2022-10-10 12:02:42,346] multiqc.modules.fastp.fastp                        [DEBUG  ]  No duplication rate plot data: V350082740_L04_44-44_fastp.json
[2022-10-10 12:02:42,350] multiqc.modules.fastp.fastp                        [DEBUG  ]  No duplication rate plot data: V350082740_L02_70-70_fastp.json
[2022-10-10 12:02:42,355] multiqc.modules.fastp.fastp                        [DEBUG  ]  No duplication rate plot data: V350082740_L01_42-42_fastp.json
[2022-10-10 12:02:42,360] multiqc.modules.fastp.fastp                        [DEBUG  ]  No duplication rate plot data: V350082740_L04_55-55_fastp.json
[2022-10-10 12:02:42,364] multiqc.modules.fastp.fastp                        [DEBUG  ]  No duplication rate plot data: V350082740_L04_101-101_fastp.json
[2022-10-10 12:02:42,369] multiqc.modules.fastp.fastp                        [DEBUG  ]  No duplication rate plot data: V350082740_L04_82-82_fastp.json
[2022-10-10 12:02:42,375] multiqc.modules.fastp.fastp                        [DEBUG  ]  No duplication rate plot data: V350082740_L01_40-40_fastp.json
[2022-10-10 12:02:42,382] multiqc.modules.fastp.fastp                        [DEBUG  ]  No duplication rate plot data: V350082740_L02_03-03_fastp.json
[2022-10-10 12:02:42,386] multiqc.modules.fastp.fastp                        [DEBUG  ]  No duplication rate plot data: V350082740_L03_66-66_fastp.json
[2022-10-10 12:02:42,391] multiqc.modules.fastp.fastp                        [DEBUG  ]  No duplication rate plot data: V350082740_L01_03-03_fastp.json
[2022-10-10 12:02:42,395] multiqc.modules.fastp.fastp                        [DEBUG  ]  No duplication rate plot data: V350082740_L04_65-65_fastp.json
[2022-10-10 12:02:42,400] multiqc.modules.fastp.fastp                        [DEBUG  ]  No duplication rate plot data: V350082740_L01_09-09_fastp.json
[2022-10-10 12:02:42,404] multiqc.modules.fastp.fastp                        [DEBUG  ]  No duplication rate plot data: V350082740_L03_41-41_fastp.json
[2022-10-10 12:02:42,410] multiqc.modules.fastp.fastp                        [DEBUG  ]  No duplication rate plot data: V350082740_L03_74-74_fastp.json
[2022-10-10 12:02:42,415] multiqc.modules.fastp.fastp                        [DEBUG  ]  No duplication rate plot data: V350082740_L01_101-101_fastp.json
[2022-10-10 12:02:42,419] multiqc.modules.fastp.fastp                        [DEBUG  ]  No duplication rate plot data: V350082740_L01_96-96_fastp.json
[2022-10-10 12:02:42,425] multiqc.modules.fastp.fastp                        [DEBUG  ]  No duplication rate plot data: V350082740_L01_64-64_fastp.json
[2022-10-10 12:02:42,430] multiqc.modules.fastp.fastp                        [DEBUG  ]  No duplication rate plot data: V350082740_L03_08-08_fastp.json
[2022-10-10 12:02:42,435] multiqc.modules.fastp.fastp                        [DEBUG  ]  No duplication rate plot data: V350082740_L03_16-16_fastp.json
[2022-10-10 12:02:42,440] multiqc.modules.fastp.fastp                        [DEBUG  ]  No duplication rate plot data: V350082740_L03_84-84_fastp.json
[2022-10-10 12:02:42,444] multiqc.modules.fastp.fastp                        [DEBUG  ]  No duplication rate plot data: V350082740_L04_102-102_fastp.json
[2022-10-10 12:02:42,450] multiqc.modules.fastp.fastp                        [DEBUG  ]  No duplication rate plot data: V350082740_L03_59-59_fastp.json
[2022-10-10 12:02:42,455] multiqc.modules.fastp.fastp                        [DEBUG  ]  No duplication rate plot data: V350082740_L02_20-20_fastp.json
[2022-10-10 12:02:42,459] multiqc.modules.fastp.fastp                        [DEBUG  ]  No duplication rate plot data: V350082740_L01_81-81_fastp.json
[2022-10-10 12:02:42,463] multiqc.modules.fastp.fastp                        [DEBUG  ]  No duplication rate plot data: V350082740_L03_99-99_fastp.json
[2022-10-10 12:02:42,468] multiqc.modules.fastp.fastp                        [DEBUG  ]  No duplication rate plot data: V350082740_L02_78-78_fastp.json
[2022-10-10 12:02:42,472] multiqc.modules.fastp.fastp                        [DEBUG  ]  No duplication rate plot data: V350082740_L04_08-08_fastp.json
[2022-10-10 12:02:42,477] multiqc.modules.fastp.fastp                        [DEBUG  ]  No duplication rate plot data: V350082740_L01_68-68_fastp.json
[2022-10-10 12:02:42,481] multiqc.modules.fastp.fastp                        [DEBUG  ]  No duplication rate plot data: V350082740_L01_99-99_fastp.json
[2022-10-10 12:02:42,486] multiqc.modules.fastp.fastp                        [DEBUG  ]  No duplication rate plot data: V350082740_L01_23-23_fastp.json
[2022-10-10 12:02:42,492] multiqc.modules.fastp.fastp                        [DEBUG  ]  No duplication rate plot data: V350082740_L02_86-86_fastp.json
[2022-10-10 12:02:42,497] multiqc.modules.fastp.fastp                        [DEBUG  ]  No duplication rate plot data: V350082740_L02_28-28_fastp.json
[2022-10-10 12:02:42,501] multiqc.modules.fastp.fastp                        [DEBUG  ]  No duplication rate plot data: V350082740_L03_38-38_fastp.json
[2022-10-10 12:02:42,506] multiqc.modules.fastp.fastp                        [DEBUG  ]  No duplication rate plot data: V350082740_L01_10-10_fastp.json
[2022-10-10 12:02:42,510] multiqc.modules.fastp.fastp                        [DEBUG  ]  No duplication rate plot data: V350082740_L01_33-33_fastp.json
[2022-10-10 12:02:42,515] multiqc.modules.fastp.fastp                        [DEBUG  ]  No duplication rate plot data: V350082740_L04_40-40_fastp.json
[2022-10-10 12:02:42,519] multiqc.modules.fastp.fastp                        [DEBUG  ]  No duplication rate plot data: V350082740_L04_07-07_fastp.json
[2022-10-10 12:02:42,524] multiqc.modules.fastp.fastp                        [DEBUG  ]  No duplication rate plot data: V350082740_L03_36-36_fastp.json
[2022-10-10 12:02:42,528] multiqc.modules.fastp.fastp                        [DEBUG  ]  No duplication rate plot data: V350082740_L03_51-51_fastp.json
[2022-10-10 12:02:42,534] multiqc.modules.fastp.fastp                        [DEBUG  ]  No duplication rate plot data: V350082740_L01_31-31_fastp.json
[2022-10-10 12:02:42,539] multiqc.modules.fastp.fastp                        [DEBUG  ]  No duplication rate plot data: V350082740_L02_100-100_fastp.json
[2022-10-10 12:02:42,544] multiqc.modules.fastp.fastp                        [DEBUG  ]  No duplication rate plot data: V350082740_L01_72-72_fastp.json
[2022-10-10 12:02:42,548] multiqc.modules.fastp.fastp                        [DEBUG  ]  No duplication rate plot data: V350082740_L02_65-65_fastp.json
[2022-10-10 12:02:42,553] multiqc.modules.fastp.fastp                        [DEBUG  ]  No duplication rate plot data: V350082740_L02_101-101_fastp.json
[2022-10-10 12:02:42,558] multiqc.modules.fastp.fastp                        [DEBUG  ]  No duplication rate plot data: V350082740_L03_61-61_fastp.json
[2022-10-10 12:02:42,563] multiqc.modules.fastp.fastp                        [DEBUG  ]  No duplication rate plot data: V350082740_L03_69-69_fastp.json
[2022-10-10 12:02:42,568] multiqc.modules.fastp.fastp                        [DEBUG  ]  No duplication rate plot data: V350082740_L03_21-21_fastp.json
[2022-10-10 12:02:42,572] multiqc.modules.fastp.fastp                        [DEBUG  ]  No duplication rate plot data: V350082740_L04_31-31_fastp.json
[2022-10-10 12:02:42,577] multiqc.modules.fastp.fastp                        [DEBUG  ]  No duplication rate plot data: V350082740_L01_17-17_fastp.json
[2022-10-10 12:02:42,582] multiqc.modules.fastp.fastp                        [DEBUG  ]  No duplication rate plot data: V350082740_L03_40-40_fastp.json
[2022-10-10 12:02:42,586] multiqc.modules.fastp.fastp                        [DEBUG  ]  No duplication rate plot data: V350082740_L01_16-16_fastp.json
[2022-10-10 12:02:42,591] multiqc.modules.fastp.fastp                        [DEBUG  ]  No duplication rate plot data: V350082740_L01_25-25_fastp.json
[2022-10-10 12:02:42,597] multiqc.modules.fastp.fastp                        [DEBUG  ]  No duplication rate plot data: V350082740_L04_28-28_fastp.json
[2022-10-10 12:02:42,603] multiqc.modules.fastp.fastp                        [DEBUG  ]  No duplication rate plot data: V350082740_L04_01-01_fastp.json
[2022-10-10 12:02:42,609] multiqc.modules.fastp.fastp                        [DEBUG  ]  No duplication rate plot data: V350082740_L04_66-66_fastp.json
[2022-10-10 12:02:42,615] multiqc.modules.fastp.fastp                        [DEBUG  ]  No duplication rate plot data: V350082740_L02_36-36_fastp.json
[2022-10-10 12:02:42,622] multiqc.modules.fastp.fastp                        [DEBUG  ]  No duplication rate plot data: V350082740_L04_20-20_fastp.json
[2022-10-10 12:02:42,627] multiqc.modules.fastp.fastp                        [DEBUG  ]  No duplication rate plot data: V350082740_L01_57-57_fastp.json
[2022-10-10 12:02:42,634] multiqc.modules.fastp.fastp                        [DEBUG  ]  No duplication rate plot data: V350082740_L02_59-59_fastp.json
[2022-10-10 12:02:42,638] multiqc.modules.fastp.fastp                        [DEBUG  ]  No duplication rate plot data: V350082740_L02_06-06_fastp.json
[2022-10-10 12:02:42,643] multiqc.modules.fastp.fastp                        [DEBUG  ]  No duplication rate plot data: V350082740_L03_33-33_fastp.json
[2022-10-10 12:02:42,647] multiqc.modules.fastp.fastp                        [DEBUG  ]  No duplication rate plot data: V350082740_L01_75-75_fastp.json
[2022-10-10 12:02:42,654] multiqc.modules.fastp.fastp                        [DEBUG  ]  No duplication rate plot data: V350082740_L02_103-103_fastp.json
[2022-10-10 12:02:42,659] multiqc.modules.fastp.fastp                        [DEBUG  ]  No duplication rate plot data: V350082740_L03_70-70_fastp.json
[2022-10-10 12:02:42,665] multiqc.modules.fastp.fastp                        [DEBUG  ]  No duplication rate plot data: V350082740_L03_67-67_fastp.json
[2022-10-10 12:02:42,671] multiqc.modules.fastp.fastp                        [DEBUG  ]  No duplication rate plot data: V350082740_L03_62-62_fastp.json
[2022-10-10 12:02:42,676] multiqc.modules.fastp.fastp                        [DEBUG  ]  No duplication rate plot data: V350082740_L04_15-15_fastp.json
[2022-10-10 12:02:42,681] multiqc.modules.fastp.fastp                        [DEBUG  ]  No duplication rate plot data: V350082740_L03_68-68_fastp.json
[2022-10-10 12:02:42,686] multiqc.modules.fastp.fastp                        [DEBUG  ]  No duplication rate plot data: V350082740_L02_27-27_fastp.json
[2022-10-10 12:02:42,692] multiqc.modules.fastp.fastp                        [DEBUG  ]  No duplication rate plot data: V350082740_L04_17-17_fastp.json
[2022-10-10 12:02:42,697] multiqc.modules.fastp.fastp                        [DEBUG  ]  No duplication rate plot data: V350082740_L02_45-45_fastp.json
[2022-10-10 12:02:42,702] multiqc.modules.fastp.fastp                        [DEBUG  ]  No duplication rate plot data: V350082740_L01_95-95_fastp.json
[2022-10-10 12:02:42,712] multiqc.modules.fastp.fastp                        [DEBUG  ]  No duplication rate plot data: V350082740_L03_30-30_fastp.json
[2022-10-10 12:02:42,718] multiqc.modules.fastp.fastp                        [DEBUG  ]  No duplication rate plot data: V350082740_L02_25-25_fastp.json
[2022-10-10 12:02:42,723] multiqc.modules.fastp.fastp                        [DEBUG  ]  No duplication rate plot data: V350082740_L03_50-50_fastp.json
[2022-10-10 12:02:42,729] multiqc.modules.fastp.fastp                        [DEBUG  ]  No duplication rate plot data: V350082740_L04_52-52_fastp.json
[2022-10-10 12:02:42,734] multiqc.modules.fastp.fastp                        [DEBUG  ]  No duplication rate plot data: V350082740_L03_47-47_fastp.json
[2022-10-10 12:02:42,738] multiqc.modules.fastp.fastp                        [DEBUG  ]  No duplication rate plot data: V350082740_L03_11-11_fastp.json
[2022-10-10 12:02:42,743] multiqc.modules.fastp.fastp                        [DEBUG  ]  No duplication rate plot data: V350082740_L02_49-49_fastp.json
[2022-10-10 12:02:42,747] multiqc.modules.fastp.fastp                        [DEBUG  ]  No duplication rate plot data: V350082740_L03_44-44_fastp.json
[2022-10-10 12:02:42,754] multiqc.modules.fastp.fastp                        [DEBUG  ]  No duplication rate plot data: V350082740_L01_38-38_fastp.json
[2022-10-10 12:02:42,758] multiqc.modules.fastp.fastp                        [DEBUG  ]  No duplication rate plot data: V350082740_L04_16-16_fastp.json
[2022-10-10 12:02:42,763] multiqc.modules.fastp.fastp                        [DEBUG  ]  No duplication rate plot data: V350082740_L01_46-46_fastp.json
[2022-10-10 12:02:42,768] multiqc.modules.fastp.fastp                        [DEBUG  ]  No duplication rate plot data: V350082740_L01_27-27_fastp.json
[2022-10-10 12:02:42,773] multiqc.modules.fastp.fastp                        [DEBUG  ]  No duplication rate plot data: V350082740_L03_42-42_fastp.json
[2022-10-10 12:02:42,777] multiqc.modules.fastp.fastp                        [DEBUG  ]  No duplication rate plot data: V350082740_L04_06-06_fastp.json
[2022-10-10 12:02:42,781] multiqc.modules.fastp.fastp                        [DEBUG  ]  No duplication rate plot data: V350082740_L01_44-44_fastp.json
[2022-10-10 12:02:42,786] multiqc.modules.fastp.fastp                        [DEBUG  ]  No duplication rate plot data: V350082740_L02_97-97_fastp.json
[2022-10-10 12:02:42,793] multiqc.modules.fastp.fastp                        [DEBUG  ]  No duplication rate plot data: V350082740_L03_43-43_fastp.json
[2022-10-10 12:02:42,798] multiqc.modules.fastp.fastp                        [DEBUG  ]  No duplication rate plot data: V350082740_L01_78-78_fastp.json
[2022-10-10 12:02:42,804] multiqc.modules.fastp.fastp                        [DEBUG  ]  No duplication rate plot data: V350082740_L03_65-65_fastp.json
[2022-10-10 12:02:42,809] multiqc.modules.fastp.fastp                        [DEBUG  ]  No duplication rate plot data: V350082740_L03_54-54_fastp.json
[2022-10-10 12:02:42,814] multiqc.modules.fastp.fastp                        [DEBUG  ]  No duplication rate plot data: V350082740_L02_47-47_fastp.json
[2022-10-10 12:02:42,818] multiqc.modules.fastp.fastp                        [DEBUG  ]  No duplication rate plot data: V350082740_L02_08-08_fastp.json
[2022-10-10 12:02:42,823] multiqc.modules.fastp.fastp                        [DEBUG  ]  No duplication rate plot data: V350082740_L01_85-85_fastp.json
[2022-10-10 12:02:42,827] multiqc.modules.fastp.fastp                        [DEBUG  ]  No duplication rate plot data: V350082740_L02_02-02_fastp.json
[2022-10-10 12:02:42,831] multiqc.modules.fastp.fastp                        [DEBUG  ]  No duplication rate plot data: V350082740_L01_94-94_fastp.json
[2022-10-10 12:02:42,836] multiqc.modules.fastp.fastp                        [DEBUG  ]  No duplication rate plot data: V350082740_L04_86-86_fastp.json
[2022-10-10 12:02:42,840] multiqc.modules.fastp.fastp                        [DEBUG  ]  No duplication rate plot data: V350082740_L03_100-100_fastp.json
[2022-10-10 12:02:42,845] multiqc.modules.fastp.fastp                        [DEBUG  ]  No duplication rate plot data: V350082740_L01_66-66_fastp.json
[2022-10-10 12:02:42,850] multiqc.modules.fastp.fastp                        [DEBUG  ]  No duplication rate plot data: V350082740_L01_12-12_fastp.json
[2022-10-10 12:02:42,857] multiqc.modules.fastp.fastp                        [DEBUG  ]  No duplication rate plot data: V350082740_L02_37-37_fastp.json
[2022-10-10 12:02:42,862] multiqc.modules.fastp.fastp                        [DEBUG  ]  No duplication rate plot data: V350082740_L01_52-52_fastp.json
[2022-10-10 12:02:42,867] multiqc.modules.fastp.fastp                        [DEBUG  ]  No duplication rate plot data: V350082740_L01_88-88_fastp.json
[2022-10-10 12:02:42,868] multiqc.modules.fastp.fastp                        [INFO   ]  Found 416 reports
[2022-10-10 12:03:31,056] multiqc.modules.fastqc.fastqc                      [INFO   ]  Found 832 reports
[2022-10-10 12:04:23,257] multiqc.modules.ivar.ivar                          [INFO   ]  Found 416 reports
[2022-10-10 12:04:23,773] multiqc.plots.table                                [DEBUG  ]  Plotting beeswarm instead of table, 2080 samples
[2022-10-10 12:04:23,788] multiqc                                            [INFO   ]  Compressing plot data
[2022-10-10 12:04:37,683] multiqc                                            [INFO   ]  Report      : multiqc/multiqc_report.html
[2022-10-10 12:04:37,683] multiqc                                            [INFO   ]  Data        : multiqc/multiqc_data
[2022-10-10 12:04:37,684] multiqc                                            [DEBUG  ]  Moving data file from '/tmp/tmp3fmex_ij/multiqc_data' to 'multiqc/multiqc_data'
[2022-10-10 12:04:38,048] multiqc                                            [INFO   ]  MultiQC complete
[2022-10-10 12:04:38,048] multiqc                                            [WARNING]  13 flat-image plots used in the report due to large sample numbers
