[2022-10-10 20:20:58,913] multiqc                                            [DEBUG  ]  This is MultiQC v1.13.dev0
[2022-10-10 20:20:58,914] multiqc                                            [DEBUG  ]  Command used: /usr/local/bin/multiqc --outdir multiqc .
[2022-10-10 20:21:00,208] multiqc                                            [DEBUG  ]  Latest MultiQC version is v1.13
[2022-10-10 20:21:00,209] multiqc                                            [DEBUG  ]  Working dir : /home/adigenova/DiGenomaLab/projects/COVID/analysis/adg/CECRET/work/a1/e7c77e4faea93ea6e9d125a0b517b3
[2022-10-10 20:21:00,209] multiqc                                            [DEBUG  ]  Template    : default
[2022-10-10 20:21:00,209] multiqc                                            [DEBUG  ]  Running Python 3.10.5 | packaged by conda-forge | (main, Jun 14 2022, 07:04:59) [GCC 10.3.0]
[2022-10-10 20:21:00,209] multiqc                                            [DEBUG  ]  Analysing modules: custom_content, ccs, ngsderive, purple, conpair, lima, peddy, somalier, methylQA, mosdepth, phantompeakqualtools, qualimap, preseq, quast, qorts, rna_seqc, rockhopper, rsem, rseqc, busco, bustools, goleft_indexcov, gffcompare, disambiguate, supernova, deeptools, sargasso, verifybamid, mirtrace, happy, mirtop, sambamba, homer, hops, macs2, theta2, snpeff, gatk, htseq, bcftools, featureCounts, fgbio, dragen, dedup, pbmarkdup, damageprofiler, biobambam2, jcvi, mtnucratio, picard, vep, sentieon, prokka, qc3C, nanostat, samblaster, samtools, sexdeterrmine, eigenstratdatabasetools, bamtools, jellyfish, vcftools, longranger, stacks, varscan2, snippy, bbmap, bismark, biscuit, hicexplorer, hicup, hicpro, salmon, kallisto, slamdunk, star, hisat2, tophat, bowtie2, bowtie1, snpsplit, odgi, pangolin, kat, leehom, adapterRemoval, clipandmerge, cutadapt, flexbar, kaiju, kraken, malt, trimmomatic, sickle, skewer, sortmerna, biobloomtools, fastq_screen, afterqc, fastp, fastqc, pychopper, pycoqc, minionqc, multivcfanalyzer, clusterflow, checkqc, bcl2fastq, bclconvert, interop, ivar, flash, seqyclean, optitype, whatshap
[2022-10-10 20:21:00,210] multiqc                                            [DEBUG  ]  Using temporary directory for creating report: /tmp/tmpofzlg4br
[2022-10-10 20:21:00,528] multiqc                                            [INFO   ]  Search path : /home/adigenova/DiGenomaLab/projects/COVID/analysis/adg/CECRET/work/a1/e7c77e4faea93ea6e9d125a0b517b3
[2022-10-10 20:21:10,533] multiqc                                            [DEBUG  ]  Summary of files that were skipped by the search: [skipped_module_specific_max_filesize: 681] // [skipped_no_match: 9]
[2022-10-10 20:21:11,509] multiqc.plots.bargraph                             [DEBUG  ]  Using matplotlib version 3.5.2
[2022-10-10 20:21:11,511] multiqc.plots.linegraph                            [DEBUG  ]  Using matplotlib version 3.5.2
[2022-10-10 20:21:11,613] multiqc.modules.samtools.samtools                  [INFO   ]  Found 96 stats reports
[2022-10-10 20:21:11,677] multiqc.modules.samtools.samtools                  [INFO   ]  Found 96 flagstat reports
[2022-10-10 20:21:11,692] multiqc.modules.pangolin.pangolin                  [INFO   ]  Found 96 samples
[2022-10-10 20:21:11,862] multiqc.modules.fastp.fastp                        [DEBUG  ]  No duplication rate plot data: V350082740_L14_74-74_fastp.json
[2022-10-10 20:21:11,867] multiqc.modules.fastp.fastp                        [DEBUG  ]  No duplication rate plot data: V350082740_L14_27-27_fastp.json
[2022-10-10 20:21:11,875] multiqc.modules.fastp.fastp                        [DEBUG  ]  No duplication rate plot data: V350082740_L14_48-48_fastp.json
[2022-10-10 20:21:11,883] multiqc.modules.fastp.fastp                        [DEBUG  ]  No duplication rate plot data: V350082740_L14_87-87_fastp.json
[2022-10-10 20:21:11,889] multiqc.modules.fastp.fastp                        [DEBUG  ]  No duplication rate plot data: V350082740_L14_32-32_fastp.json
[2022-10-10 20:21:11,894] multiqc.modules.fastp.fastp                        [DEBUG  ]  No duplication rate plot data: V350082740_L14_39-39_fastp.json
[2022-10-10 20:21:11,900] multiqc.modules.fastp.fastp                        [DEBUG  ]  No duplication rate plot data: V350082740_L14_70-70_fastp.json
[2022-10-10 20:21:11,906] multiqc.modules.fastp.fastp                        [DEBUG  ]  No duplication rate plot data: V350082740_L14_59-59_fastp.json
[2022-10-10 20:21:11,912] multiqc.modules.fastp.fastp                        [DEBUG  ]  No duplication rate plot data: V350082740_L14_18-18_fastp.json
[2022-10-10 20:21:11,917] multiqc.modules.fastp.fastp                        [DEBUG  ]  No duplication rate plot data: V350082740_L14_12-12_fastp.json
[2022-10-10 20:21:11,924] multiqc.modules.fastp.fastp                        [DEBUG  ]  No duplication rate plot data: V350082740_L14_88-88_fastp.json
[2022-10-10 20:21:11,929] multiqc.modules.fastp.fastp                        [DEBUG  ]  No duplication rate plot data: V350082740_L14_17-17_fastp.json
[2022-10-10 20:21:11,934] multiqc.modules.fastp.fastp                        [DEBUG  ]  No duplication rate plot data: V350082740_L14_85-85_fastp.json
[2022-10-10 20:21:11,939] multiqc.modules.fastp.fastp                        [DEBUG  ]  No duplication rate plot data: V350082740_L14_23-23_fastp.json
[2022-10-10 20:21:11,945] multiqc.modules.fastp.fastp                        [DEBUG  ]  No duplication rate plot data: V350082740_L14_73-73_fastp.json
[2022-10-10 20:21:11,952] multiqc.modules.fastp.fastp                        [DEBUG  ]  No duplication rate plot data: V350082740_L14_84-84_fastp.json
[2022-10-10 20:21:11,957] multiqc.modules.fastp.fastp                        [DEBUG  ]  No duplication rate plot data: V350082740_L14_94-94_fastp.json
[2022-10-10 20:21:11,962] multiqc.modules.fastp.fastp                        [DEBUG  ]  No duplication rate plot data: V350082740_L14_36-36_fastp.json
[2022-10-10 20:21:11,968] multiqc.modules.fastp.fastp                        [DEBUG  ]  No duplication rate plot data: V350082740_L14_49-49_fastp.json
[2022-10-10 20:21:11,974] multiqc.modules.fastp.fastp                        [DEBUG  ]  No duplication rate plot data: V350082740_L14_51-51_fastp.json
[2022-10-10 20:21:11,979] multiqc.modules.fastp.fastp                        [DEBUG  ]  No duplication rate plot data: V350082740_L14_96-96_fastp.json
[2022-10-10 20:21:11,983] multiqc.modules.fastp.fastp                        [DEBUG  ]  No duplication rate plot data: V350082740_L14_34-34_fastp.json
[2022-10-10 20:21:11,988] multiqc.modules.fastp.fastp                        [DEBUG  ]  No duplication rate plot data: V350082740_L14_65-65_fastp.json
[2022-10-10 20:21:11,993] multiqc.modules.fastp.fastp                        [DEBUG  ]  No duplication rate plot data: V350082740_L14_06-06_fastp.json
[2022-10-10 20:21:11,998] multiqc.modules.fastp.fastp                        [DEBUG  ]  No duplication rate plot data: V350082740_L14_76-76_fastp.json
[2022-10-10 20:21:12,003] multiqc.modules.fastp.fastp                        [DEBUG  ]  No duplication rate plot data: V350082740_L14_30-30_fastp.json
[2022-10-10 20:21:12,008] multiqc.modules.fastp.fastp                        [DEBUG  ]  No duplication rate plot data: V350082740_L14_55-55_fastp.json
[2022-10-10 20:21:12,013] multiqc.modules.fastp.fastp                        [DEBUG  ]  No duplication rate plot data: V350082740_L14_28-28_fastp.json
[2022-10-10 20:21:12,018] multiqc.modules.fastp.fastp                        [DEBUG  ]  No duplication rate plot data: V350082740_L14_62-62_fastp.json
[2022-10-10 20:21:12,022] multiqc.modules.fastp.fastp                        [DEBUG  ]  No duplication rate plot data: V350082740_L14_57-57_fastp.json
[2022-10-10 20:21:12,027] multiqc.modules.fastp.fastp                        [DEBUG  ]  No duplication rate plot data: V350082740_L14_19-19_fastp.json
[2022-10-10 20:21:12,031] multiqc.modules.fastp.fastp                        [DEBUG  ]  No duplication rate plot data: V350082740_L14_10-10_fastp.json
[2022-10-10 20:21:12,037] multiqc.modules.fastp.fastp                        [DEBUG  ]  No duplication rate plot data: V350082740_L14_86-86_fastp.json
[2022-10-10 20:21:12,042] multiqc.modules.fastp.fastp                        [DEBUG  ]  No duplication rate plot data: V350082740_L14_38-38_fastp.json
[2022-10-10 20:21:12,048] multiqc.modules.fastp.fastp                        [DEBUG  ]  No duplication rate plot data: V350082740_L14_93-93_fastp.json
[2022-10-10 20:21:12,053] multiqc.modules.fastp.fastp                        [DEBUG  ]  No duplication rate plot data: V350082740_L14_16-16_fastp.json
[2022-10-10 20:21:12,059] multiqc.modules.fastp.fastp                        [DEBUG  ]  No duplication rate plot data: V350082740_L14_15-15_fastp.json
[2022-10-10 20:21:12,063] multiqc.modules.fastp.fastp                        [DEBUG  ]  No duplication rate plot data: V350082740_L14_08-08_fastp.json
[2022-10-10 20:21:12,069] multiqc.modules.fastp.fastp                        [DEBUG  ]  No duplication rate plot data: V350082740_L14_64-64_fastp.json
[2022-10-10 20:21:12,077] multiqc.modules.fastp.fastp                        [DEBUG  ]  No duplication rate plot data: V350082740_L14_47-47_fastp.json
[2022-10-10 20:21:12,083] multiqc.modules.fastp.fastp                        [DEBUG  ]  No duplication rate plot data: V350082740_L14_29-29_fastp.json
[2022-10-10 20:21:12,088] multiqc.modules.fastp.fastp                        [DEBUG  ]  No duplication rate plot data: V350082740_L14_35-35_fastp.json
[2022-10-10 20:21:12,094] multiqc.modules.fastp.fastp                        [DEBUG  ]  No duplication rate plot data: V350082740_L14_81-81_fastp.json
[2022-10-10 20:21:12,098] multiqc.modules.fastp.fastp                        [DEBUG  ]  No duplication rate plot data: V350082740_L14_25-25_fastp.json
[2022-10-10 20:21:12,105] multiqc.modules.fastp.fastp                        [DEBUG  ]  No duplication rate plot data: V350082740_L14_67-67_fastp.json
[2022-10-10 20:21:12,110] multiqc.modules.fastp.fastp                        [DEBUG  ]  No duplication rate plot data: V350082740_L14_03-03_fastp.json
[2022-10-10 20:21:12,115] multiqc.modules.fastp.fastp                        [DEBUG  ]  No duplication rate plot data: V350082740_L14_14-14_fastp.json
[2022-10-10 20:21:12,122] multiqc.modules.fastp.fastp                        [DEBUG  ]  No duplication rate plot data: V350082740_L14_78-78_fastp.json
[2022-10-10 20:21:12,128] multiqc.modules.fastp.fastp                        [DEBUG  ]  No duplication rate plot data: V350082740_L14_21-21_fastp.json
[2022-10-10 20:21:12,135] multiqc.modules.fastp.fastp                        [DEBUG  ]  No duplication rate plot data: V350082740_L14_37-37_fastp.json
[2022-10-10 20:21:12,141] multiqc.modules.fastp.fastp                        [DEBUG  ]  No duplication rate plot data: V350082740_L14_20-20_fastp.json
[2022-10-10 20:21:12,145] multiqc.modules.fastp.fastp                        [DEBUG  ]  No duplication rate plot data: V350082740_L14_31-31_fastp.json
[2022-10-10 20:21:12,150] multiqc.modules.fastp.fastp                        [DEBUG  ]  No duplication rate plot data: V350082740_L14_69-69_fastp.json
[2022-10-10 20:21:12,155] multiqc.modules.fastp.fastp                        [DEBUG  ]  No duplication rate plot data: V350082740_L14_92-92_fastp.json
[2022-10-10 20:21:12,161] multiqc.modules.fastp.fastp                        [DEBUG  ]  No duplication rate plot data: V350082740_L14_05-05_fastp.json
[2022-10-10 20:21:12,165] multiqc.modules.fastp.fastp                        [DEBUG  ]  No duplication rate plot data: V350082740_L14_44-44_fastp.json
[2022-10-10 20:21:12,171] multiqc.modules.fastp.fastp                        [DEBUG  ]  No duplication rate plot data: V350082740_L14_61-61_fastp.json
[2022-10-10 20:21:12,176] multiqc.modules.fastp.fastp                        [DEBUG  ]  No duplication rate plot data: V350082740_L14_02-02_fastp.json
[2022-10-10 20:21:12,182] multiqc.modules.fastp.fastp                        [DEBUG  ]  No duplication rate plot data: V350082740_L14_33-33_fastp.json
[2022-10-10 20:21:12,188] multiqc.modules.fastp.fastp                        [DEBUG  ]  No duplication rate plot data: V350082740_L14_01-01_fastp.json
[2022-10-10 20:21:12,193] multiqc.modules.fastp.fastp                        [DEBUG  ]  No duplication rate plot data: V350082740_L14_53-53_fastp.json
[2022-10-10 20:21:12,197] multiqc.modules.fastp.fastp                        [DEBUG  ]  No duplication rate plot data: V350082740_L14_60-60_fastp.json
[2022-10-10 20:21:12,201] multiqc.modules.fastp.fastp                        [DEBUG  ]  No duplication rate plot data: V350082740_L14_63-63_fastp.json
[2022-10-10 20:21:12,206] multiqc.modules.fastp.fastp                        [DEBUG  ]  No duplication rate plot data: V350082740_L14_54-54_fastp.json
[2022-10-10 20:21:12,210] multiqc.modules.fastp.fastp                        [DEBUG  ]  No duplication rate plot data: V350082740_L14_80-80_fastp.json
[2022-10-10 20:21:12,215] multiqc.modules.fastp.fastp                        [DEBUG  ]  No duplication rate plot data: V350082740_L14_66-66_fastp.json
[2022-10-10 20:21:12,220] multiqc.modules.fastp.fastp                        [DEBUG  ]  No duplication rate plot data: V350082740_L14_77-77_fastp.json
[2022-10-10 20:21:12,224] multiqc.modules.fastp.fastp                        [DEBUG  ]  No duplication rate plot data: V350082740_L14_90-90_fastp.json
[2022-10-10 20:21:12,230] multiqc.modules.fastp.fastp                        [DEBUG  ]  No duplication rate plot data: V350082740_L14_95-95_fastp.json
[2022-10-10 20:21:12,235] multiqc.modules.fastp.fastp                        [DEBUG  ]  No duplication rate plot data: V350082740_L14_07-07_fastp.json
[2022-10-10 20:21:12,239] multiqc.modules.fastp.fastp                        [DEBUG  ]  No duplication rate plot data: V350082740_L14_43-43_fastp.json
[2022-10-10 20:21:12,243] multiqc.modules.fastp.fastp                        [DEBUG  ]  No duplication rate plot data: V350082740_L14_45-45_fastp.json
[2022-10-10 20:21:12,248] multiqc.modules.fastp.fastp                        [DEBUG  ]  No duplication rate plot data: V350082740_L14_83-83_fastp.json
[2022-10-10 20:21:12,252] multiqc.modules.fastp.fastp                        [DEBUG  ]  No duplication rate plot data: V350082740_L14_75-75_fastp.json
[2022-10-10 20:21:12,257] multiqc.modules.fastp.fastp                        [DEBUG  ]  No duplication rate plot data: V350082740_L14_11-11_fastp.json
[2022-10-10 20:21:12,261] multiqc.modules.fastp.fastp                        [DEBUG  ]  No duplication rate plot data: V350082740_L14_24-24_fastp.json
[2022-10-10 20:21:12,271] multiqc.modules.fastp.fastp                        [DEBUG  ]  No duplication rate plot data: V350082740_L14_82-82_fastp.json
[2022-10-10 20:21:12,275] multiqc.modules.fastp.fastp                        [DEBUG  ]  No duplication rate plot data: V350082740_L14_50-50_fastp.json
[2022-10-10 20:21:12,280] multiqc.modules.fastp.fastp                        [DEBUG  ]  No duplication rate plot data: V350082740_L14_09-09_fastp.json
[2022-10-10 20:21:12,284] multiqc.modules.fastp.fastp                        [DEBUG  ]  No duplication rate plot data: V350082740_L14_26-26_fastp.json
[2022-10-10 20:21:12,290] multiqc.modules.fastp.fastp                        [DEBUG  ]  No duplication rate plot data: V350082740_L14_22-22_fastp.json
[2022-10-10 20:21:12,294] multiqc.modules.fastp.fastp                        [DEBUG  ]  No duplication rate plot data: V350082740_L14_41-41_fastp.json
[2022-10-10 20:21:12,299] multiqc.modules.fastp.fastp                        [DEBUG  ]  No duplication rate plot data: V350082740_L14_40-40_fastp.json
[2022-10-10 20:21:12,376] multiqc.modules.fastp.fastp                        [DEBUG  ]  No duplication rate plot data: V350082740_L14_79-79_fastp.json
[2022-10-10 20:21:12,381] multiqc.modules.fastp.fastp                        [DEBUG  ]  No duplication rate plot data: V350082740_L14_91-91_fastp.json
[2022-10-10 20:21:12,386] multiqc.modules.fastp.fastp                        [DEBUG  ]  No duplication rate plot data: V350082740_L14_42-42_fastp.json
[2022-10-10 20:21:12,391] multiqc.modules.fastp.fastp                        [DEBUG  ]  No duplication rate plot data: V350082740_L14_72-72_fastp.json
[2022-10-10 20:21:12,396] multiqc.modules.fastp.fastp                        [DEBUG  ]  No duplication rate plot data: V350082740_L14_71-71_fastp.json
[2022-10-10 20:21:12,404] multiqc.modules.fastp.fastp                        [DEBUG  ]  No duplication rate plot data: V350082740_L14_04-04_fastp.json
[2022-10-10 20:21:12,409] multiqc.modules.fastp.fastp                        [DEBUG  ]  No duplication rate plot data: V350082740_L14_89-89_fastp.json
[2022-10-10 20:21:12,416] multiqc.modules.fastp.fastp                        [DEBUG  ]  No duplication rate plot data: V350082740_L14_58-58_fastp.json
[2022-10-10 20:21:12,422] multiqc.modules.fastp.fastp                        [DEBUG  ]  No duplication rate plot data: V350082740_L14_46-46_fastp.json
[2022-10-10 20:21:12,428] multiqc.modules.fastp.fastp                        [DEBUG  ]  No duplication rate plot data: V350082740_L14_68-68_fastp.json
[2022-10-10 20:21:12,433] multiqc.modules.fastp.fastp                        [DEBUG  ]  No duplication rate plot data: V350082740_L14_56-56_fastp.json
[2022-10-10 20:21:12,438] multiqc.modules.fastp.fastp                        [DEBUG  ]  No duplication rate plot data: V350082740_L14_52-52_fastp.json
[2022-10-10 20:21:12,444] multiqc.modules.fastp.fastp                        [DEBUG  ]  No duplication rate plot data: V350082740_L14_13-13_fastp.json
[2022-10-10 20:21:12,444] multiqc.modules.fastp.fastp                        [INFO   ]  Found 96 reports
[2022-10-10 20:21:14,823] multiqc.modules.fastqc.fastqc                      [INFO   ]  Found 192 reports
[2022-10-10 20:21:33,002] multiqc.modules.ivar.ivar                          [INFO   ]  Found 96 reports
[2022-10-10 20:21:34,105] multiqc                                            [INFO   ]  Compressing plot data
[2022-10-10 20:21:42,649] multiqc                                            [INFO   ]  Report      : multiqc/multiqc_report.html
[2022-10-10 20:21:42,649] multiqc                                            [INFO   ]  Data        : multiqc/multiqc_data
[2022-10-10 20:21:42,649] multiqc                                            [DEBUG  ]  Moving data file from '/tmp/tmpofzlg4br/multiqc_data' to 'multiqc/multiqc_data'
[2022-10-10 20:21:42,854] multiqc                                            [INFO   ]  MultiQC complete
[2022-10-10 20:21:42,855] multiqc                                            [WARNING]  7 flat-image plots used in the report due to large sample numbers
